[debug] [2024-01-22T14:38:33.472Z] ----------------------------------------------------------------------
[debug] [2024-01-22T14:38:33.473Z] Command:       /usr/local/bin/firebase /Users/muhammed/.cache/firebase/tools/lib/node_modules/firebase-tools/lib/bin/firebase emulators:start
[debug] [2024-01-22T14:38:33.474Z] CLI Version:   13.0.3
[debug] [2024-01-22T14:38:33.474Z] Platform:      darwin
[debug] [2024-01-22T14:38:33.475Z] Node Version:  v18.5.0
[debug] [2024-01-22T14:38:33.476Z] Time:          Mon Jan 22 2024 15:38:33 GMT+0100 (Central European Standard Time)
[debug] [2024-01-22T14:38:33.476Z] ----------------------------------------------------------------------
[debug] 
[debug] [2024-01-22T14:38:33.578Z] > command requires scopes: ["email","openid","https://www.googleapis.com/auth/cloudplatformprojects.readonly","https://www.googleapis.com/auth/firebase","https://www.googleapis.com/auth/cloud-platform"]
[debug] [2024-01-22T14:38:33.580Z] > authorizing via signed-in user (mmuhammedkaplan0@gmail.com)
[debug] [2024-01-22T14:38:34.033Z] openjdk version "21.0.1" 2023-10-17
OpenJDK Runtime Environment Homebrew (build 21.0.1)

[debug] [2024-01-22T14:38:34.036Z] OpenJDK 64-Bit Server VM Homebrew (build 21.0.1, mixed mode, sharing)

[debug] [2024-01-22T14:38:34.039Z] Parsed Java major version: 21
[info] i  emulators: Starting emulators: auth, firestore {"metadata":{"emulator":{"name":"hub"},"message":"Starting emulators: auth, firestore"}}
[debug] [2024-01-22T14:38:34.723Z] [logging] Logging Emulator only supports listening on one address (127.0.0.1). Not listening on ::1
[debug] [2024-01-22T14:38:34.725Z] [auth] Authentication Emulator only supports listening on one address (127.0.0.1). Not listening on ::1
[debug] [2024-01-22T14:38:34.726Z] [firestore] Firestore Emulator only supports listening on one address (127.0.0.1). Not listening on ::1
[debug] [2024-01-22T14:38:34.726Z] [firestore.websocket] websocket server for firestore only supports listening on one address (127.0.0.1). Not listening on ::1
[debug] [2024-01-22T14:38:34.727Z] assigned listening specs for emulators {"user":{"hub":[{"address":"127.0.0.1","family":"IPv4","port":4400},{"address":"::1","family":"IPv6","port":4400}],"ui":[{"address":"127.0.0.1","family":"IPv4","port":4000},{"address":"::1","family":"IPv6","port":4000}],"logging":[{"address":"127.0.0.1","family":"IPv4","port":4500}],"auth":[{"address":"127.0.0.1","family":"IPv4","port":9099}],"firestore":[{"address":"127.0.0.1","family":"IPv4","port":8080}],"firestore.websocket":[{"address":"127.0.0.1","family":"IPv4","port":9150}]},"metadata":{"message":"assigned listening specs for emulators"}}
[debug] [2024-01-22T14:38:34.740Z] [hub] writing locator at /var/folders/g2/9x9_mwsn0yggff6jxfdf1vpc0000gn/T/hub-scango-7ccc8.json
[warn] ⚠  firestore: Cloud Firestore Emulator does not support multiple databases yet. {"metadata":{"emulator":{"name":"firestore"},"message":"Cloud Firestore Emulator does not support multiple databases yet."}}
[warn] ⚠  firestore: Did not find a Cloud Firestore rules file specified in a firebase.json config file. {"metadata":{"emulator":{"name":"firestore"},"message":"Did not find a Cloud Firestore rules file specified in a firebase.json config file."}}
[warn] ⚠  firestore: The emulator will default to allowing all reads and writes. Learn more about this option: https://firebase.google.com/docs/emulator-suite/install_and_configure#security_rules_configuration. {"metadata":{"emulator":{"name":"firestore"},"message":"The emulator will default to allowing all reads and writes. Learn more about this option: https://firebase.google.com/docs/emulator-suite/install_and_configure#security_rules_configuration."}}
[debug] [2024-01-22T14:38:34.747Z] Ignoring unsupported arg: auto_download {"metadata":{"emulator":{"name":"firestore"},"message":"Ignoring unsupported arg: auto_download"}}
[debug] [2024-01-22T14:38:34.747Z] Ignoring unsupported arg: single_project_mode_error {"metadata":{"emulator":{"name":"firestore"},"message":"Ignoring unsupported arg: single_project_mode_error"}}
[debug] [2024-01-22T14:38:34.747Z] Starting Firestore Emulator with command {"binary":"java","args":["-Dgoogle.cloud_firestore.debug_log_level=FINE","-Duser.language=en","-jar","/Users/muhammed/.cache/firebase/emulators/cloud-firestore-emulator-v1.18.2.jar","--host","127.0.0.1","--port",8080,"--websocket_port",9150,"--project_id","scango-7ccc8","--single_project_mode",true],"optionalArgs":["port","webchannel_port","host","rules","websocket_port","functions_emulator","seed_from_export","project_id","single_project_mode"],"joinArgs":false} {"metadata":{"emulator":{"name":"firestore"},"message":"Starting Firestore Emulator with command {\"binary\":\"java\",\"args\":[\"-Dgoogle.cloud_firestore.debug_log_level=FINE\",\"-Duser.language=en\",\"-jar\",\"/Users/muhammed/.cache/firebase/emulators/cloud-firestore-emulator-v1.18.2.jar\",\"--host\",\"127.0.0.1\",\"--port\",8080,\"--websocket_port\",9150,\"--project_id\",\"scango-7ccc8\",\"--single_project_mode\",true],\"optionalArgs\":[\"port\",\"webchannel_port\",\"host\",\"rules\",\"websocket_port\",\"functions_emulator\",\"seed_from_export\",\"project_id\",\"single_project_mode\"],\"joinArgs\":false}"}}
[info] i  firestore: Firestore Emulator logging to firestore-debug.log {"metadata":{"emulator":{"name":"firestore"},"message":"Firestore Emulator logging to \u001b[1mfirestore-debug.log\u001b[22m"}}
[debug] [2024-01-22T14:38:35.485Z] Jan 22, 2024 3:38:35 PM com.google.cloud.datastore.emulator.firestore.websocket.WebSocketServer start
INFO: Started WebSocket server on ws://127.0.0.1:9150
 {"metadata":{"emulator":{"name":"firestore"},"message":"Jan 22, 2024 3:38:35 PM com.google.cloud.datastore.emulator.firestore.websocket.WebSocketServer start\nINFO: Started WebSocket server on ws://127.0.0.1:9150\n"}}
[debug] [2024-01-22T14:38:35.496Z] API endpoint: http://127.0.0.1:8080
 {"metadata":{"emulator":{"name":"firestore"},"message":"API endpoint: http://127.0.0.1:8080\n"}}
[debug] [2024-01-22T14:38:35.496Z] If you are using a library that supports the FIRESTORE_EMULATOR_HOST environment variable, run:

   export FIRESTORE_EMULATOR_HOST=127.0.0.1:8080

Dev App Server is now running.

 {"metadata":{"emulator":{"name":"firestore"},"message":"If you are using a library that supports the FIRESTORE_EMULATOR_HOST environment variable, run:\n\n   export FIRESTORE_EMULATOR_HOST=127.0.0.1:8080\n\nDev App Server is now running.\n\n"}}
[info] ✔  firestore: Firestore Emulator UI websocket is running on 9150. {"metadata":{"emulator":{"name":"firestore"},"message":"Firestore Emulator UI websocket is running on 9150."}}
[info] i  ui: downloading ui-v1.11.7.zip... {"metadata":{"emulator":{"name":"ui"},"message":"downloading ui-v1.11.7.zip..."}}
[debug] [2024-01-22T14:38:41.423Z] >>> [apiv2][query] GET https://storage.googleapis.com/firebase-preview-drop/emulator/ui-v1.11.7.zip 
[debug] [2024-01-22T14:38:41.551Z] <<< [apiv2][status] GET https://storage.googleapis.com/firebase-preview-drop/emulator/ui-v1.11.7.zip 200
[debug] [2024-01-22T14:38:41.551Z] <<< [apiv2][body] GET https://storage.googleapis.com/firebase-preview-drop/emulator/ui-v1.11.7.zip [stream]
[debug] [2024-01-22T14:38:42.159Z] Data is 3064105
[debug] [2024-01-22T14:38:42.160Z] [unzip] Entry: client/ (compressed_size=0 bytes, uncompressed_size=0 bytes)
[debug] [2024-01-22T14:38:42.160Z] [unzip] Processing entry: client/
[debug] [2024-01-22T14:38:42.160Z] [unzip] mkdir: /Users/muhammed/.cache/firebase/emulators/ui-v1.11.7/client/
[debug] [2024-01-22T14:38:42.162Z] [unzip] Entry: client/favicon.ico (compressed_size=2497 bytes, uncompressed_size=7406 bytes)
[debug] [2024-01-22T14:38:42.162Z] [unzip] Processing entry: client/favicon.ico
[debug] [2024-01-22T14:38:42.162Z] [unzip] else mkdir: /Users/muhammed/.cache/firebase/emulators/ui-v1.11.7/client
[debug] [2024-01-22T14:38:42.162Z] [unzip] deflating: /Users/muhammed/.cache/firebase/emulators/ui-v1.11.7/client/favicon.ico
[debug] [2024-01-22T14:38:42.172Z] [unzip] Entry: client/apple-touch-icon.png (compressed_size=7231 bytes, uncompressed_size=7367 bytes)
[debug] [2024-01-22T14:38:42.172Z] [unzip] Processing entry: client/apple-touch-icon.png
[debug] [2024-01-22T14:38:42.172Z] [unzip] else mkdir: /Users/muhammed/.cache/firebase/emulators/ui-v1.11.7/client
[debug] [2024-01-22T14:38:42.173Z] [unzip] deflating: /Users/muhammed/.cache/firebase/emulators/ui-v1.11.7/client/apple-touch-icon.png
[debug] [2024-01-22T14:38:42.176Z] [unzip] Entry: client/android-chrome-512x512.png (compressed_size=16987 bytes, uncompressed_size=18186 bytes)
[debug] [2024-01-22T14:38:42.177Z] [unzip] Processing entry: client/android-chrome-512x512.png
[debug] [2024-01-22T14:38:42.177Z] [unzip] else mkdir: /Users/muhammed/.cache/firebase/emulators/ui-v1.11.7/client
[debug] [2024-01-22T14:38:42.178Z] [unzip] deflating: /Users/muhammed/.cache/firebase/emulators/ui-v1.11.7/client/android-chrome-512x512.png
[debug] [2024-01-22T14:38:42.183Z] [unzip] Entry: client/assets/ (compressed_size=0 bytes, uncompressed_size=0 bytes)
[debug] [2024-01-22T14:38:42.184Z] [unzip] Processing entry: client/assets/
[debug] [2024-01-22T14:38:42.184Z] [unzip] mkdir: /Users/muhammed/.cache/firebase/emulators/ui-v1.11.7/client/assets/
[debug] [2024-01-22T14:38:42.184Z] [unzip] Entry: client/assets/extensions/ (compressed_size=0 bytes, uncompressed_size=0 bytes)
[debug] [2024-01-22T14:38:42.184Z] [unzip] Processing entry: client/assets/extensions/
[debug] [2024-01-22T14:38:42.184Z] [unzip] mkdir: /Users/muhammed/.cache/firebase/emulators/ui-v1.11.7/client/assets/extensions/
[debug] [2024-01-22T14:38:42.184Z] [unzip] Entry: client/assets/extensions/default-extension.png (compressed_size=1646 bytes, uncompressed_size=1657 bytes)
[debug] [2024-01-22T14:38:42.184Z] [unzip] Processing entry: client/assets/extensions/default-extension.png
[debug] [2024-01-22T14:38:42.184Z] [unzip] else mkdir: /Users/muhammed/.cache/firebase/emulators/ui-v1.11.7/client/assets/extensions
[debug] [2024-01-22T14:38:42.184Z] [unzip] deflating: /Users/muhammed/.cache/firebase/emulators/ui-v1.11.7/client/assets/extensions/default-extension.png
[debug] [2024-01-22T14:38:42.186Z] [unzip] Entry: client/assets/index.58ca09f7.css (compressed_size=37601 bytes, uncompressed_size=321252 bytes)
[debug] [2024-01-22T14:38:42.186Z] [unzip] Processing entry: client/assets/index.58ca09f7.css
[debug] [2024-01-22T14:38:42.186Z] [unzip] else mkdir: /Users/muhammed/.cache/firebase/emulators/ui-v1.11.7/client/assets
[debug] [2024-01-22T14:38:42.186Z] [unzip] deflating: /Users/muhammed/.cache/firebase/emulators/ui-v1.11.7/client/assets/index.58ca09f7.css
[debug] [2024-01-22T14:38:42.190Z] [unzip] Entry: client/assets/index.c2583d42.js (compressed_size=526232 bytes, uncompressed_size=1860152 bytes)
[debug] [2024-01-22T14:38:42.190Z] [unzip] Processing entry: client/assets/index.c2583d42.js
[debug] [2024-01-22T14:38:42.190Z] [unzip] else mkdir: /Users/muhammed/.cache/firebase/emulators/ui-v1.11.7/client/assets
[debug] [2024-01-22T14:38:42.190Z] [unzip] deflating: /Users/muhammed/.cache/firebase/emulators/ui-v1.11.7/client/assets/index.c2583d42.js
[debug] [2024-01-22T14:38:42.200Z] [unzip] Entry: client/assets/provider-icons/ (compressed_size=0 bytes, uncompressed_size=0 bytes)
[debug] [2024-01-22T14:38:42.200Z] [unzip] Processing entry: client/assets/provider-icons/
[debug] [2024-01-22T14:38:42.200Z] [unzip] mkdir: /Users/muhammed/.cache/firebase/emulators/ui-v1.11.7/client/assets/provider-icons/
[debug] [2024-01-22T14:38:42.200Z] [unzip] Entry: client/assets/provider-icons/auth_service_oidc.svg (compressed_size=414 bytes, uncompressed_size=858 bytes)
[debug] [2024-01-22T14:38:42.201Z] [unzip] Processing entry: client/assets/provider-icons/auth_service_oidc.svg
[debug] [2024-01-22T14:38:42.201Z] [unzip] else mkdir: /Users/muhammed/.cache/firebase/emulators/ui-v1.11.7/client/assets/provider-icons
[debug] [2024-01-22T14:38:42.201Z] [unzip] deflating: /Users/muhammed/.cache/firebase/emulators/ui-v1.11.7/client/assets/provider-icons/auth_service_oidc.svg
[debug] [2024-01-22T14:38:42.203Z] [unzip] Entry: client/assets/provider-icons/auth_service_yahoo.svg (compressed_size=577 bytes, uncompressed_size=1182 bytes)
[debug] [2024-01-22T14:38:42.203Z] [unzip] Processing entry: client/assets/provider-icons/auth_service_yahoo.svg
[debug] [2024-01-22T14:38:42.203Z] [unzip] else mkdir: /Users/muhammed/.cache/firebase/emulators/ui-v1.11.7/client/assets/provider-icons
[debug] [2024-01-22T14:38:42.203Z] [unzip] deflating: /Users/muhammed/.cache/firebase/emulators/ui-v1.11.7/client/assets/provider-icons/auth_service_yahoo.svg
[debug] [2024-01-22T14:38:42.205Z] [unzip] Entry: client/assets/provider-icons/auth_service_phone.svg (compressed_size=261 bytes, uncompressed_size=414 bytes)
[debug] [2024-01-22T14:38:42.206Z] [unzip] Processing entry: client/assets/provider-icons/auth_service_phone.svg
[debug] [2024-01-22T14:38:42.206Z] [unzip] else mkdir: /Users/muhammed/.cache/firebase/emulators/ui-v1.11.7/client/assets/provider-icons
[debug] [2024-01-22T14:38:42.206Z] [unzip] deflating: /Users/muhammed/.cache/firebase/emulators/ui-v1.11.7/client/assets/provider-icons/auth_service_phone.svg
[debug] [2024-01-22T14:38:42.207Z] [unzip] Entry: client/assets/provider-icons/auth_service_saml.svg (compressed_size=575 bytes, uncompressed_size=1226 bytes)
[debug] [2024-01-22T14:38:42.207Z] [unzip] Processing entry: client/assets/provider-icons/auth_service_saml.svg
[debug] [2024-01-22T14:38:42.207Z] [unzip] else mkdir: /Users/muhammed/.cache/firebase/emulators/ui-v1.11.7/client/assets/provider-icons
[debug] [2024-01-22T14:38:42.207Z] [unzip] deflating: /Users/muhammed/.cache/firebase/emulators/ui-v1.11.7/client/assets/provider-icons/auth_service_saml.svg
[debug] [2024-01-22T14:38:42.209Z] [unzip] Entry: client/assets/provider-icons/auth_service_mslive.svg (compressed_size=203 bytes, uncompressed_size=378 bytes)
[debug] [2024-01-22T14:38:42.209Z] [unzip] Processing entry: client/assets/provider-icons/auth_service_mslive.svg
[debug] [2024-01-22T14:38:42.209Z] [unzip] else mkdir: /Users/muhammed/.cache/firebase/emulators/ui-v1.11.7/client/assets/provider-icons
[debug] [2024-01-22T14:38:42.210Z] [unzip] deflating: /Users/muhammed/.cache/firebase/emulators/ui-v1.11.7/client/assets/provider-icons/auth_service_mslive.svg
[debug] [2024-01-22T14:38:42.212Z] [unzip] Entry: client/assets/provider-icons/auth_service_facebook.svg (compressed_size=289 bytes, uncompressed_size=457 bytes)
[debug] [2024-01-22T14:38:42.212Z] [unzip] Processing entry: client/assets/provider-icons/auth_service_facebook.svg
[debug] [2024-01-22T14:38:42.212Z] [unzip] else mkdir: /Users/muhammed/.cache/firebase/emulators/ui-v1.11.7/client/assets/provider-icons
[debug] [2024-01-22T14:38:42.212Z] [unzip] deflating: /Users/muhammed/.cache/firebase/emulators/ui-v1.11.7/client/assets/provider-icons/auth_service_facebook.svg
[debug] [2024-01-22T14:38:42.213Z] [unzip] Entry: client/assets/provider-icons/auth_service_play_games.svg (compressed_size=565 bytes, uncompressed_size=1173 bytes)
[debug] [2024-01-22T14:38:42.213Z] [unzip] Processing entry: client/assets/provider-icons/auth_service_play_games.svg
[debug] [2024-01-22T14:38:42.213Z] [unzip] else mkdir: /Users/muhammed/.cache/firebase/emulators/ui-v1.11.7/client/assets/provider-icons
[debug] [2024-01-22T14:38:42.213Z] [unzip] deflating: /Users/muhammed/.cache/firebase/emulators/ui-v1.11.7/client/assets/provider-icons/auth_service_play_games.svg
[debug] [2024-01-22T14:38:42.215Z] [unzip] Entry: client/assets/provider-icons/auth_service_github.svg (compressed_size=466 bytes, uncompressed_size=838 bytes)
[debug] [2024-01-22T14:38:42.215Z] [unzip] Processing entry: client/assets/provider-icons/auth_service_github.svg
[debug] [2024-01-22T14:38:42.215Z] [unzip] else mkdir: /Users/muhammed/.cache/firebase/emulators/ui-v1.11.7/client/assets/provider-icons
[debug] [2024-01-22T14:38:42.215Z] [unzip] deflating: /Users/muhammed/.cache/firebase/emulators/ui-v1.11.7/client/assets/provider-icons/auth_service_github.svg
[debug] [2024-01-22T14:38:42.215Z] [unzip] Entry: client/assets/provider-icons/auth_service_apple.svg (compressed_size=230 bytes, uncompressed_size=334 bytes)
[debug] [2024-01-22T14:38:42.215Z] [unzip] Processing entry: client/assets/provider-icons/auth_service_apple.svg
[debug] [2024-01-22T14:38:42.215Z] [unzip] else mkdir: /Users/muhammed/.cache/firebase/emulators/ui-v1.11.7/client/assets/provider-icons
[debug] [2024-01-22T14:38:42.216Z] [unzip] deflating: /Users/muhammed/.cache/firebase/emulators/ui-v1.11.7/client/assets/provider-icons/auth_service_apple.svg
[debug] [2024-01-22T14:38:42.216Z] [unzip] Entry: client/assets/provider-icons/auth_service_google.svg (compressed_size=409 bytes, uncompressed_size=720 bytes)
[debug] [2024-01-22T14:38:42.216Z] [unzip] Processing entry: client/assets/provider-icons/auth_service_google.svg
[debug] [2024-01-22T14:38:42.216Z] [unzip] else mkdir: /Users/muhammed/.cache/firebase/emulators/ui-v1.11.7/client/assets/provider-icons
[debug] [2024-01-22T14:38:42.216Z] [unzip] deflating: /Users/muhammed/.cache/firebase/emulators/ui-v1.11.7/client/assets/provider-icons/auth_service_google.svg
[debug] [2024-01-22T14:38:42.218Z] [unzip] Entry: client/assets/provider-icons/auth_service_email.svg (compressed_size=228 bytes, uncompressed_size=326 bytes)
[debug] [2024-01-22T14:38:42.218Z] [unzip] Processing entry: client/assets/provider-icons/auth_service_email.svg
[debug] [2024-01-22T14:38:42.218Z] [unzip] else mkdir: /Users/muhammed/.cache/firebase/emulators/ui-v1.11.7/client/assets/provider-icons
[debug] [2024-01-22T14:38:42.219Z] [unzip] deflating: /Users/muhammed/.cache/firebase/emulators/ui-v1.11.7/client/assets/provider-icons/auth_service_email.svg
[debug] [2024-01-22T14:38:42.219Z] [unzip] Entry: client/assets/provider-icons/auth_service_twitter.svg (compressed_size=444 bytes, uncompressed_size=751 bytes)
[debug] [2024-01-22T14:38:42.219Z] [unzip] Processing entry: client/assets/provider-icons/auth_service_twitter.svg
[debug] [2024-01-22T14:38:42.219Z] [unzip] else mkdir: /Users/muhammed/.cache/firebase/emulators/ui-v1.11.7/client/assets/provider-icons
[debug] [2024-01-22T14:38:42.219Z] [unzip] deflating: /Users/muhammed/.cache/firebase/emulators/ui-v1.11.7/client/assets/provider-icons/auth_service_twitter.svg
[debug] [2024-01-22T14:38:42.220Z] [unzip] Entry: client/assets/provider-icons/auth_service_game_center.svg (compressed_size=991 bytes, uncompressed_size=3921 bytes)
[debug] [2024-01-22T14:38:42.220Z] [unzip] Processing entry: client/assets/provider-icons/auth_service_game_center.svg
[debug] [2024-01-22T14:38:42.220Z] [unzip] else mkdir: /Users/muhammed/.cache/firebase/emulators/ui-v1.11.7/client/assets/provider-icons
[debug] [2024-01-22T14:38:42.220Z] [unzip] deflating: /Users/muhammed/.cache/firebase/emulators/ui-v1.11.7/client/assets/provider-icons/auth_service_game_center.svg
[debug] [2024-01-22T14:38:42.220Z] [unzip] Entry: client/assets/index.c2583d42.js.map (compressed_size=1778557 bytes, uncompressed_size=7961927 bytes)
[debug] [2024-01-22T14:38:42.220Z] [unzip] Processing entry: client/assets/index.c2583d42.js.map
[debug] [2024-01-22T14:38:42.220Z] [unzip] else mkdir: /Users/muhammed/.cache/firebase/emulators/ui-v1.11.7/client/assets
[debug] [2024-01-22T14:38:42.220Z] [unzip] deflating: /Users/muhammed/.cache/firebase/emulators/ui-v1.11.7/client/assets/index.c2583d42.js.map
[debug] [2024-01-22T14:38:42.244Z] [unzip] Entry: client/assets/img/ (compressed_size=0 bytes, uncompressed_size=0 bytes)
[debug] [2024-01-22T14:38:42.244Z] [unzip] Processing entry: client/assets/img/
[debug] [2024-01-22T14:38:42.244Z] [unzip] mkdir: /Users/muhammed/.cache/firebase/emulators/ui-v1.11.7/client/assets/img/
[debug] [2024-01-22T14:38:42.245Z] [unzip] Entry: client/assets/img/database.png (compressed_size=29449 bytes, uncompressed_size=29988 bytes)
[debug] [2024-01-22T14:38:42.245Z] [unzip] Processing entry: client/assets/img/database.png
[debug] [2024-01-22T14:38:42.245Z] [unzip] else mkdir: /Users/muhammed/.cache/firebase/emulators/ui-v1.11.7/client/assets/img
[debug] [2024-01-22T14:38:42.245Z] [unzip] deflating: /Users/muhammed/.cache/firebase/emulators/ui-v1.11.7/client/assets/img/database.png
[debug] [2024-01-22T14:38:42.249Z] [unzip] Entry: client/safari-pinned-tab.svg (compressed_size=838 bytes, uncompressed_size=1504 bytes)
[debug] [2024-01-22T14:38:42.249Z] [unzip] Processing entry: client/safari-pinned-tab.svg
[debug] [2024-01-22T14:38:42.249Z] [unzip] else mkdir: /Users/muhammed/.cache/firebase/emulators/ui-v1.11.7/client
[debug] [2024-01-22T14:38:42.249Z] [unzip] deflating: /Users/muhammed/.cache/firebase/emulators/ui-v1.11.7/client/safari-pinned-tab.svg
[debug] [2024-01-22T14:38:42.250Z] [unzip] Entry: client/mstile-150x150.png (compressed_size=5406 bytes, uncompressed_size=5723 bytes)
[debug] [2024-01-22T14:38:42.250Z] [unzip] Processing entry: client/mstile-150x150.png
[debug] [2024-01-22T14:38:42.250Z] [unzip] else mkdir: /Users/muhammed/.cache/firebase/emulators/ui-v1.11.7/client
[debug] [2024-01-22T14:38:42.250Z] [unzip] deflating: /Users/muhammed/.cache/firebase/emulators/ui-v1.11.7/client/mstile-150x150.png
[debug] [2024-01-22T14:38:42.250Z] [unzip] Entry: client/browserconfig.xml (compressed_size=491 bytes, uncompressed_size=822 bytes)
[debug] [2024-01-22T14:38:42.250Z] [unzip] Processing entry: client/browserconfig.xml
[debug] [2024-01-22T14:38:42.251Z] [unzip] else mkdir: /Users/muhammed/.cache/firebase/emulators/ui-v1.11.7/client
[debug] [2024-01-22T14:38:42.251Z] [unzip] deflating: /Users/muhammed/.cache/firebase/emulators/ui-v1.11.7/client/browserconfig.xml
[debug] [2024-01-22T14:38:42.251Z] [unzip] Entry: client/robots.txt (compressed_size=26 bytes, uncompressed_size=26 bytes)
[debug] [2024-01-22T14:38:42.251Z] [unzip] Processing entry: client/robots.txt
[debug] [2024-01-22T14:38:42.251Z] [unzip] else mkdir: /Users/muhammed/.cache/firebase/emulators/ui-v1.11.7/client
[debug] [2024-01-22T14:38:42.251Z] [unzip] Writing file: /Users/muhammed/.cache/firebase/emulators/ui-v1.11.7/client/robots.txt
[debug] [2024-01-22T14:38:42.251Z] [unzip] Entry: client/index.html (compressed_size=1363 bytes, uncompressed_size=3064 bytes)
[debug] [2024-01-22T14:38:42.251Z] [unzip] Processing entry: client/index.html
[debug] [2024-01-22T14:38:42.251Z] [unzip] else mkdir: /Users/muhammed/.cache/firebase/emulators/ui-v1.11.7/client
[debug] [2024-01-22T14:38:42.252Z] [unzip] deflating: /Users/muhammed/.cache/firebase/emulators/ui-v1.11.7/client/index.html
[debug] [2024-01-22T14:38:42.252Z] [unzip] Entry: client/favicon-16x16.png (compressed_size=757 bytes, uncompressed_size=777 bytes)
[debug] [2024-01-22T14:38:42.252Z] [unzip] Processing entry: client/favicon-16x16.png
[debug] [2024-01-22T14:38:42.252Z] [unzip] else mkdir: /Users/muhammed/.cache/firebase/emulators/ui-v1.11.7/client
[debug] [2024-01-22T14:38:42.252Z] [unzip] deflating: /Users/muhammed/.cache/firebase/emulators/ui-v1.11.7/client/favicon-16x16.png
[debug] [2024-01-22T14:38:42.253Z] [unzip] Entry: client/manifest.json (compressed_size=246 bytes, uncompressed_size=551 bytes)
[debug] [2024-01-22T14:38:42.253Z] [unzip] Processing entry: client/manifest.json
[debug] [2024-01-22T14:38:42.253Z] [unzip] else mkdir: /Users/muhammed/.cache/firebase/emulators/ui-v1.11.7/client
[debug] [2024-01-22T14:38:42.253Z] [unzip] deflating: /Users/muhammed/.cache/firebase/emulators/ui-v1.11.7/client/manifest.json
[debug] [2024-01-22T14:38:42.256Z] [unzip] Entry: client/favicon-32x32.png (compressed_size=1175 bytes, uncompressed_size=1175 bytes)
[debug] [2024-01-22T14:38:42.257Z] [unzip] Processing entry: client/favicon-32x32.png
[debug] [2024-01-22T14:38:42.257Z] [unzip] else mkdir: /Users/muhammed/.cache/firebase/emulators/ui-v1.11.7/client
[debug] [2024-01-22T14:38:42.257Z] [unzip] Writing file: /Users/muhammed/.cache/firebase/emulators/ui-v1.11.7/client/favicon-32x32.png
[debug] [2024-01-22T14:38:42.257Z] [unzip] Entry: client/android-chrome-192x192.png (compressed_size=7602 bytes, uncompressed_size=7834 bytes)
[debug] [2024-01-22T14:38:42.257Z] [unzip] Processing entry: client/android-chrome-192x192.png
[debug] [2024-01-22T14:38:42.257Z] [unzip] else mkdir: /Users/muhammed/.cache/firebase/emulators/ui-v1.11.7/client
[debug] [2024-01-22T14:38:42.257Z] [unzip] deflating: /Users/muhammed/.cache/firebase/emulators/ui-v1.11.7/client/android-chrome-192x192.png
[debug] [2024-01-22T14:38:42.257Z] [unzip] Entry: server/ (compressed_size=0 bytes, uncompressed_size=0 bytes)
[debug] [2024-01-22T14:38:42.257Z] [unzip] Processing entry: server/
[debug] [2024-01-22T14:38:42.257Z] [unzip] mkdir: /Users/muhammed/.cache/firebase/emulators/ui-v1.11.7/server/
[debug] [2024-01-22T14:38:42.257Z] [unzip] Entry: server/server.js (compressed_size=343746 bytes, uncompressed_size=1346374 bytes)
[debug] [2024-01-22T14:38:42.257Z] [unzip] Processing entry: server/server.js
[debug] [2024-01-22T14:38:42.257Z] [unzip] else mkdir: /Users/muhammed/.cache/firebase/emulators/ui-v1.11.7/server
[debug] [2024-01-22T14:38:42.257Z] [unzip] deflating: /Users/muhammed/.cache/firebase/emulators/ui-v1.11.7/server/server.js
[debug] [2024-01-22T14:38:42.261Z] [unzip] Entry: server/server.js.map (compressed_size=289157 bytes, uncompressed_size=1325651 bytes)
[debug] [2024-01-22T14:38:42.261Z] [unzip] Processing entry: server/server.js.map
[debug] [2024-01-22T14:38:42.261Z] [unzip] else mkdir: /Users/muhammed/.cache/firebase/emulators/ui-v1.11.7/server
[debug] [2024-01-22T14:38:42.262Z] [unzip] deflating: /Users/muhammed/.cache/firebase/emulators/ui-v1.11.7/server/server.js.map
[debug] [2024-01-22T14:38:42.270Z] Ignoring unsupported arg: auto_download {"metadata":{"emulator":{"name":"ui"},"message":"Ignoring unsupported arg: auto_download"}}
[debug] [2024-01-22T14:38:42.270Z] Ignoring unsupported arg: port {"metadata":{"emulator":{"name":"ui"},"message":"Ignoring unsupported arg: port"}}
[debug] [2024-01-22T14:38:42.270Z] Starting Emulator UI with command {"binary":"node","args":["/Users/muhammed/.cache/firebase/emulators/ui-v1.11.7/server/server.js"],"optionalArgs":[],"joinArgs":false} {"metadata":{"emulator":{"name":"ui"},"message":"Starting Emulator UI with command {\"binary\":\"node\",\"args\":[\"/Users/muhammed/.cache/firebase/emulators/ui-v1.11.7/server/server.js\"],\"optionalArgs\":[],\"joinArgs\":false}"}}
[info] i  ui: Emulator UI logging to ui-debug.log {"metadata":{"emulator":{"name":"ui"},"message":"Emulator UI logging to \u001b[1mui-debug.log\u001b[22m"}}
[debug] [2024-01-22T14:38:42.494Z] Web / API server started at 127.0.0.1:4000
 {"metadata":{"emulator":{"name":"ui"},"message":"Web / API server started at 127.0.0.1:4000\n"}}
[debug] [2024-01-22T14:38:42.494Z] Web / API server started at ::1:4000
 {"metadata":{"emulator":{"name":"ui"},"message":"Web / API server started at ::1:4000\n"}}
[info] 
┌─────────────────────────────────────────────────────────────┐
│ ✔  All emulators ready! It is now safe to connect your app. │
│ i  View Emulator UI at http://127.0.0.1:4000/               │
└─────────────────────────────────────────────────────────────┘

┌────────────────┬────────────────┬─────────────────────────────────┐
│ Emulator       │ Host:Port      │ View in Emulator UI             │
├────────────────┼────────────────┼─────────────────────────────────┤
│ Authentication │ 127.0.0.1:9099 │ http://127.0.0.1:4000/auth      │
├────────────────┼────────────────┼─────────────────────────────────┤
│ Firestore      │ 127.0.0.1:8080 │ http://127.0.0.1:4000/firestore │
└────────────────┴────────────────┴─────────────────────────────────┘
  Emulator Hub running at 127.0.0.1:4400
  Other reserved ports: 4500, 9150

Issues? Report them at https://github.com/firebase/firebase-tools/issues and attach the *-debug.log files.
 
[debug] [2024-01-22T14:41:03.228Z] Jan 22, 2024 3:41:03 PM com.google.cloud.datastore.emulator.firestore.websocket.WebSocketChannelHandler initChannel
INFO: Connected to new websocket client
 {"metadata":{"emulator":{"name":"firestore"},"message":"Jan 22, 2024 3:41:03 PM com.google.cloud.datastore.emulator.firestore.websocket.WebSocketChannelHandler initChannel\nINFO: Connected to new websocket client\n"}}
[debug] [2024-01-22T14:41:05.310Z] Jan 22, 2024 3:41:05 PM com.google.cloud.datastore.emulator.firestore.websocket.WebSocketChannelHandler channelClosed
INFO: Websocket client disconnected
 {"metadata":{"emulator":{"name":"firestore"},"message":"Jan 22, 2024 3:41:05 PM com.google.cloud.datastore.emulator.firestore.websocket.WebSocketChannelHandler channelClosed\nINFO: Websocket client disconnected\n"}}
[debug] [2024-01-22T14:41:42.411Z] Jan 22, 2024 3:41:42 PM io.gapi.emulators.netty.HttpVersionRoutingHandler channelRead
INFO: Detected non-HTTP/2 connection.
 {"metadata":{"emulator":{"name":"firestore"},"message":"Jan 22, 2024 3:41:42 PM io.gapi.emulators.netty.HttpVersionRoutingHandler channelRead\nINFO: Detected non-HTTP/2 connection.\n"}}
[debug] [2024-01-22T14:41:42.715Z] Jan 22, 2024 3:41:42 PM io.gapi.emulators.netty.HttpVersionRoutingHandler channelRead
INFO: Detected non-HTTP/2 connection.
 {"metadata":{"emulator":{"name":"firestore"},"message":"Jan 22, 2024 3:41:42 PM io.gapi.emulators.netty.HttpVersionRoutingHandler channelRead\nINFO: Detected non-HTTP/2 connection.\n"}}
[debug] [2024-01-22T14:41:42.723Z] Jan 22, 2024 3:41:42 PM io.gapi.emulators.netty.HttpVersionRoutingHandler channelRead
INFO: Detected non-HTTP/2 connection.
 {"metadata":{"emulator":{"name":"firestore"},"message":"Jan 22, 2024 3:41:42 PM io.gapi.emulators.netty.HttpVersionRoutingHandler channelRead\nINFO: Detected non-HTTP/2 connection.\n"}}
[info] i  To verify the email address gokdeniz91@gmail.com, follow this link: http://127.0.0.1:9099/emulator/action?mode=verifyEmail&lang=en&oobCode=XLdYq6Nfi4ZUSkSNETC9acP3hG95J6Kc-_eIeuWdOErIEdzgDu7UGx&apiKey=fake-api-key {"metadata":{"emulator":{"name":"auth"},"message":"To verify the email address gokdeniz91@gmail.com, follow this link: http://127.0.0.1:9099/emulator/action?mode=verifyEmail&lang=en&oobCode=XLdYq6Nfi4ZUSkSNETC9acP3hG95J6Kc-_eIeuWdOErIEdzgDu7UGx&apiKey=fake-api-key"}}
[debug] [2024-01-22T14:41:47.440Z] Jan 22, 2024 3:41:47 PM io.gapi.emulators.netty.HttpVersionRoutingHandler channelRead
INFO: Detected non-HTTP/2 connection.
 {"metadata":{"emulator":{"name":"firestore"},"message":"Jan 22, 2024 3:41:47 PM io.gapi.emulators.netty.HttpVersionRoutingHandler channelRead\nINFO: Detected non-HTTP/2 connection.\n"}}
[debug] [2024-01-22T14:41:47.444Z] Jan 22, 2024 3:41:47 PM com.google.cloud.datastore.emulator.firestore.webchannel.FirestoreV1WebChannelAdapter$FirestoreWriteHandler onClose
INFO: channel closed
 {"metadata":{"emulator":{"name":"firestore"},"message":"Jan 22, 2024 3:41:47 PM com.google.cloud.datastore.emulator.firestore.webchannel.FirestoreV1WebChannelAdapter$FirestoreWriteHandler onClose\nINFO: channel closed\n"}}
[debug] [2024-01-22T14:41:49.755Z] Jan 22, 2024 3:41:49 PM com.google.cloud.datastore.emulator.firestore.websocket.WebSocketChannelHandler initChannel
INFO: Connected to new websocket client
 {"metadata":{"emulator":{"name":"firestore"},"message":"Jan 22, 2024 3:41:49 PM com.google.cloud.datastore.emulator.firestore.websocket.WebSocketChannelHandler initChannel\nINFO: Connected to new websocket client\n"}}
[debug] [2024-01-22T14:42:47.598Z] Jan 22, 2024 3:42:47 PM io.gapi.emulators.netty.HttpVersionRoutingHandler channelRead
INFO: Detected non-HTTP/2 connection.
 {"metadata":{"emulator":{"name":"firestore"},"message":"Jan 22, 2024 3:42:47 PM io.gapi.emulators.netty.HttpVersionRoutingHandler channelRead\nINFO: Detected non-HTTP/2 connection.\n"}}
[debug] [2024-01-22T14:42:47.614Z] Jan 22, 2024 3:42:47 PM io.gapi.emulators.netty.HttpVersionRoutingHandler channelRead
INFO: Detected non-HTTP/2 connection.
 {"metadata":{"emulator":{"name":"firestore"},"message":"Jan 22, 2024 3:42:47 PM io.gapi.emulators.netty.HttpVersionRoutingHandler channelRead\nINFO: Detected non-HTTP/2 connection.\n"}}
[debug] [2024-01-22T14:42:47.621Z] Jan 22, 2024 3:42:47 PM io.gapi.emulators.netty.HttpVersionRoutingHandler channelRead
INFO: Detected non-HTTP/2 connection.
 {"metadata":{"emulator":{"name":"firestore"},"message":"Jan 22, 2024 3:42:47 PM io.gapi.emulators.netty.HttpVersionRoutingHandler channelRead\nINFO: Detected non-HTTP/2 connection.\n"}}
[info] i  To verify the email address admin@admin.com, follow this link: http://127.0.0.1:9099/emulator/action?mode=verifyEmail&lang=en&oobCode=QTd1YWRPBitw3bt4u4ngvCIGV3vi-ULF4wV7gQLhme1ANIFKQH9o7d&apiKey=fake-api-key {"metadata":{"emulator":{"name":"auth"},"message":"To verify the email address admin@admin.com, follow this link: http://127.0.0.1:9099/emulator/action?mode=verifyEmail&lang=en&oobCode=QTd1YWRPBitw3bt4u4ngvCIGV3vi-ULF4wV7gQLhme1ANIFKQH9o7d&apiKey=fake-api-key"}}
[debug] [2024-01-22T14:42:52.407Z] Jan 22, 2024 3:42:52 PM com.google.cloud.datastore.emulator.firestore.websocket.WebSocketChannelHandler channelClosed
INFO: Websocket client disconnected
 {"metadata":{"emulator":{"name":"firestore"},"message":"Jan 22, 2024 3:42:52 PM com.google.cloud.datastore.emulator.firestore.websocket.WebSocketChannelHandler channelClosed\nINFO: Websocket client disconnected\n"}}
[debug] [2024-01-22T14:42:52.529Z] Jan 22, 2024 3:42:52 PM com.google.cloud.datastore.emulator.firestore.websocket.WebSocketChannelHandler initChannel
INFO: Connected to new websocket client
 {"metadata":{"emulator":{"name":"firestore"},"message":"Jan 22, 2024 3:42:52 PM com.google.cloud.datastore.emulator.firestore.websocket.WebSocketChannelHandler initChannel\nINFO: Connected to new websocket client\n"}}
[debug] [2024-01-22T14:42:53.243Z] Jan 22, 2024 3:42:53 PM io.gapi.emulators.netty.HttpVersionRoutingHandler channelRead
INFO: Detected non-HTTP/2 connection.
 {"metadata":{"emulator":{"name":"firestore"},"message":"Jan 22, 2024 3:42:53 PM io.gapi.emulators.netty.HttpVersionRoutingHandler channelRead\nINFO: Detected non-HTTP/2 connection.\n"}}
[debug] [2024-01-22T14:42:53.261Z] Jan 22, 2024 3:42:53 PM com.google.cloud.datastore.emulator.firestore.webchannel.FirestoreV1WebChannelAdapter$FirestoreWriteHandler onClose
INFO: channel closed
 {"metadata":{"emulator":{"name":"firestore"},"message":"Jan 22, 2024 3:42:53 PM com.google.cloud.datastore.emulator.firestore.webchannel.FirestoreV1WebChannelAdapter$FirestoreWriteHandler onClose\nINFO: channel closed\n"}}
[debug] [2024-01-22T14:42:57.881Z] Jan 22, 2024 3:42:57 PM io.gapi.emulators.netty.HttpVersionRoutingHandler channelRead
INFO: Detected non-HTTP/2 connection.
 {"metadata":{"emulator":{"name":"firestore"},"message":"Jan 22, 2024 3:42:57 PM io.gapi.emulators.netty.HttpVersionRoutingHandler channelRead\nINFO: Detected non-HTTP/2 connection.\n"}}
[debug] [2024-01-22T14:42:58.008Z] Jan 22, 2024 3:42:58 PM io.gapi.emulators.netty.HttpVersionRoutingHandler channelRead
INFO: Detected HTTP/2 connection.
 {"metadata":{"emulator":{"name":"firestore"},"message":"Jan 22, 2024 3:42:58 PM io.gapi.emulators.netty.HttpVersionRoutingHandler channelRead\nINFO: Detected HTTP/2 connection.\n"}}
[debug] [2024-01-22T14:42:58.090Z] Jan 22, 2024 3:42:58 PM io.gapi.emulators.netty.HttpVersionRoutingHandler channelRead
INFO: Detected non-HTTP/2 connection.
 {"metadata":{"emulator":{"name":"firestore"},"message":"Jan 22, 2024 3:42:58 PM io.gapi.emulators.netty.HttpVersionRoutingHandler channelRead\nINFO: Detected non-HTTP/2 connection.\n"}}
[debug] [2024-01-22T14:42:58.195Z] Jan 22, 2024 3:42:58 PM io.gapi.emulators.netty.HttpVersionRoutingHandler channelRead
INFO: Detected non-HTTP/2 connection.
 {"metadata":{"emulator":{"name":"firestore"},"message":"Jan 22, 2024 3:42:58 PM io.gapi.emulators.netty.HttpVersionRoutingHandler channelRead\nINFO: Detected non-HTTP/2 connection.\n"}}
[debug] [2024-01-22T14:42:58.322Z] Jan 22, 2024 3:42:58 PM io.gapi.emulators.netty.HttpVersionRoutingHandler channelRead
INFO: Detected non-HTTP/2 connection.
 {"metadata":{"emulator":{"name":"firestore"},"message":"Jan 22, 2024 3:42:58 PM io.gapi.emulators.netty.HttpVersionRoutingHandler channelRead\nINFO: Detected non-HTTP/2 connection.\n"}}
[debug] [2024-01-22T14:43:00.276Z] Jan 22, 2024 3:43:00 PM io.gapi.emulators.netty.HttpVersionRoutingHandler channelRead
INFO: Detected non-HTTP/2 connection.
 {"metadata":{"emulator":{"name":"firestore"},"message":"Jan 22, 2024 3:43:00 PM io.gapi.emulators.netty.HttpVersionRoutingHandler channelRead\nINFO: Detected non-HTTP/2 connection.\n"}}
[debug] [2024-01-22T14:43:00.286Z] Jan 22, 2024 3:43:00 PM com.google.cloud.datastore.emulator.firestore.webchannel.FirestoreV1WebChannelAdapter$FirestoreListenHandler onClose
INFO: channel closed
 {"metadata":{"emulator":{"name":"firestore"},"message":"Jan 22, 2024 3:43:00 PM com.google.cloud.datastore.emulator.firestore.webchannel.FirestoreV1WebChannelAdapter$FirestoreListenHandler onClose\nINFO: channel closed\n"}}
[debug] [2024-01-22T14:46:21.271Z] Jan 22, 2024 3:46:21 PM io.gapi.emulators.netty.HttpVersionRoutingHandler channelRead
INFO: Detected non-HTTP/2 connection.
 {"metadata":{"emulator":{"name":"firestore"},"message":"Jan 22, 2024 3:46:21 PM io.gapi.emulators.netty.HttpVersionRoutingHandler channelRead\nINFO: Detected non-HTTP/2 connection.\n"}}
[debug] [2024-01-22T14:46:21.306Z] Jan 22, 2024 3:46:21 PM io.gapi.emulators.netty.HttpVersionRoutingHandler channelRead
INFO: Detected non-HTTP/2 connection.
 {"metadata":{"emulator":{"name":"firestore"},"message":"Jan 22, 2024 3:46:21 PM io.gapi.emulators.netty.HttpVersionRoutingHandler channelRead\nINFO: Detected non-HTTP/2 connection.\n"}}
[debug] [2024-01-22T14:46:21.314Z] Jan 22, 2024 3:46:21 PM io.gapi.emulators.netty.HttpVersionRoutingHandler channelRead
INFO: Detected non-HTTP/2 connection.
 {"metadata":{"emulator":{"name":"firestore"},"message":"Jan 22, 2024 3:46:21 PM io.gapi.emulators.netty.HttpVersionRoutingHandler channelRead\nINFO: Detected non-HTTP/2 connection.\n"}}
[info] i  To verify the email address adm@adm.com, follow this link: http://127.0.0.1:9099/emulator/action?mode=verifyEmail&lang=en&oobCode=7LMXMbJdvV8jr9rYOtzD8zQB0v-PLLxZ4rQaxuUC0engDs720NSH87&apiKey=fake-api-key {"metadata":{"emulator":{"name":"auth"},"message":"To verify the email address adm@adm.com, follow this link: http://127.0.0.1:9099/emulator/action?mode=verifyEmail&lang=en&oobCode=7LMXMbJdvV8jr9rYOtzD8zQB0v-PLLxZ4rQaxuUC0engDs720NSH87&apiKey=fake-api-key"}}
[debug] [2024-01-22T14:46:23.773Z] Jan 22, 2024 3:46:23 PM io.gapi.emulators.netty.HttpVersionRoutingHandler channelRead
INFO: Detected non-HTTP/2 connection.
 {"metadata":{"emulator":{"name":"firestore"},"message":"Jan 22, 2024 3:46:23 PM io.gapi.emulators.netty.HttpVersionRoutingHandler channelRead\nINFO: Detected non-HTTP/2 connection.\n"}}
[debug] [2024-01-22T14:46:23.778Z] Jan 22, 2024 3:46:23 PM com.google.cloud.datastore.emulator.firestore.webchannel.FirestoreV1WebChannelAdapter$FirestoreWriteHandler onClose
INFO: channel closed
 {"metadata":{"emulator":{"name":"firestore"},"message":"Jan 22, 2024 3:46:23 PM com.google.cloud.datastore.emulator.firestore.webchannel.FirestoreV1WebChannelAdapter$FirestoreWriteHandler onClose\nINFO: channel closed\n"}}
[debug] [2024-01-22T14:47:37.758Z] Jan 22, 2024 3:47:37 PM io.gapi.emulators.netty.HttpVersionRoutingHandler channelRead
INFO: Detected non-HTTP/2 connection.
 {"metadata":{"emulator":{"name":"firestore"},"message":"Jan 22, 2024 3:47:37 PM io.gapi.emulators.netty.HttpVersionRoutingHandler channelRead\nINFO: Detected non-HTTP/2 connection.\n"}}
[debug] [2024-01-22T14:47:37.771Z] Jan 22, 2024 3:47:37 PM io.gapi.emulators.netty.HttpVersionRoutingHandler channelRead
INFO: Detected non-HTTP/2 connection.
 {"metadata":{"emulator":{"name":"firestore"},"message":"Jan 22, 2024 3:47:37 PM io.gapi.emulators.netty.HttpVersionRoutingHandler channelRead\nINFO: Detected non-HTTP/2 connection.\n"}}
[debug] [2024-01-22T14:47:37.787Z] Jan 22, 2024 3:47:37 PM io.gapi.emulators.netty.HttpVersionRoutingHandler channelRead
INFO: Detected non-HTTP/2 connection.
 {"metadata":{"emulator":{"name":"firestore"},"message":"Jan 22, 2024 3:47:37 PM io.gapi.emulators.netty.HttpVersionRoutingHandler channelRead\nINFO: Detected non-HTTP/2 connection.\n"}}
[debug] [2024-01-22T14:47:37.808Z] Jan 22, 2024 3:47:37 PM io.gapi.emulators.netty.HttpVersionRoutingHandler channelRead
INFO: Detected non-HTTP/2 connection.
 {"metadata":{"emulator":{"name":"firestore"},"message":"Jan 22, 2024 3:47:37 PM io.gapi.emulators.netty.HttpVersionRoutingHandler channelRead\nINFO: Detected non-HTTP/2 connection.\n"}}
[debug] [2024-01-22T14:47:37.810Z] Jan 22, 2024 3:47:37 PM io.gapi.emulators.netty.HttpVersionRoutingHandler channelRead
INFO: Detected non-HTTP/2 connection.
 {"metadata":{"emulator":{"name":"firestore"},"message":"Jan 22, 2024 3:47:37 PM io.gapi.emulators.netty.HttpVersionRoutingHandler channelRead\nINFO: Detected non-HTTP/2 connection.\n"}}
[debug] [2024-01-22T14:47:41.959Z] Jan 22, 2024 3:47:41 PM io.gapi.emulators.netty.HttpVersionRoutingHandler channelRead
INFO: Detected non-HTTP/2 connection.
 {"metadata":{"emulator":{"name":"firestore"},"message":"Jan 22, 2024 3:47:41 PM io.gapi.emulators.netty.HttpVersionRoutingHandler channelRead\nINFO: Detected non-HTTP/2 connection.\n"}}
[debug] [2024-01-22T14:47:41.966Z] Jan 22, 2024 3:47:41 PM com.google.cloud.datastore.emulator.firestore.webchannel.FirestoreV1WebChannelAdapter$FirestoreListenHandler onClose
INFO: channel closed
 {"metadata":{"emulator":{"name":"firestore"},"message":"Jan 22, 2024 3:47:41 PM com.google.cloud.datastore.emulator.firestore.webchannel.FirestoreV1WebChannelAdapter$FirestoreListenHandler onClose\nINFO: channel closed\n"}}
[warn] ⚠  Received a signed JWT. Auth Emulator does not validate JWTs and IS NOT SECURE {"metadata":{"emulator":{"name":"auth"},"message":"Received a signed JWT. Auth Emulator does not validate JWTs and IS NOT SECURE"}}
[debug] [2024-01-22T15:09:32.966Z] Jan 22, 2024 4:09:32 PM io.gapi.emulators.netty.HttpVersionRoutingHandler channelRead
INFO: Detected non-HTTP/2 connection.
 {"metadata":{"emulator":{"name":"firestore"},"message":"Jan 22, 2024 4:09:32 PM io.gapi.emulators.netty.HttpVersionRoutingHandler channelRead\nINFO: Detected non-HTTP/2 connection.\n"}}
[debug] [2024-01-22T15:09:33.013Z] Jan 22, 2024 4:09:33 PM io.gapi.emulators.netty.HttpVersionRoutingHandler channelRead
INFO: Detected non-HTTP/2 connection.
 {"metadata":{"emulator":{"name":"firestore"},"message":"Jan 22, 2024 4:09:33 PM io.gapi.emulators.netty.HttpVersionRoutingHandler channelRead\nINFO: Detected non-HTTP/2 connection.\n"}}
[debug] [2024-01-22T15:09:33.024Z] Jan 22, 2024 4:09:33 PM io.gapi.emulators.netty.HttpVersionRoutingHandler channelRead
INFO: Detected non-HTTP/2 connection.
 {"metadata":{"emulator":{"name":"firestore"},"message":"Jan 22, 2024 4:09:33 PM io.gapi.emulators.netty.HttpVersionRoutingHandler channelRead\nINFO: Detected non-HTTP/2 connection.\n"}}
[debug] [2024-01-22T15:10:33.031Z] Jan 22, 2024 4:10:33 PM io.gapi.emulators.netty.HttpVersionRoutingHandler channelRead
INFO: Detected non-HTTP/2 connection.
 {"metadata":{"emulator":{"name":"firestore"},"message":"Jan 22, 2024 4:10:33 PM io.gapi.emulators.netty.HttpVersionRoutingHandler channelRead\nINFO: Detected non-HTTP/2 connection.\n"}}
[debug] [2024-01-22T15:10:33.037Z] Jan 22, 2024 4:10:33 PM com.google.cloud.datastore.emulator.firestore.webchannel.FirestoreV1WebChannelAdapter$FirestoreListenHandler onClose
INFO: channel closed
 {"metadata":{"emulator":{"name":"firestore"},"message":"Jan 22, 2024 4:10:33 PM com.google.cloud.datastore.emulator.firestore.webchannel.FirestoreV1WebChannelAdapter$FirestoreListenHandler onClose\nINFO: channel closed\n"}}
[info] i  To verify the email address admin@admin.com, follow this link: http://127.0.0.1:9099/emulator/action?mode=verifyEmail&lang=en&oobCode=7x3TSTFGUE9YpXdjOTZcvqq_57TWU_h9PbwUtgqGcGkOHHOaRO8UBt&apiKey=fake-api-key {"metadata":{"emulator":{"name":"auth"},"message":"To verify the email address admin@admin.com, follow this link: http://127.0.0.1:9099/emulator/action?mode=verifyEmail&lang=en&oobCode=7x3TSTFGUE9YpXdjOTZcvqq_57TWU_h9PbwUtgqGcGkOHHOaRO8UBt&apiKey=fake-api-key"}}
[info] i  To verify the email address admin@admin.com, follow this link: http://127.0.0.1:9099/emulator/action?mode=verifyEmail&lang=en&oobCode=n_AVt2qvjLs74W_XbKTMWD7bS2rNgJWhsryM0tweBsxrB7jvc5B2Ze&apiKey=fake-api-key {"metadata":{"emulator":{"name":"auth"},"message":"To verify the email address admin@admin.com, follow this link: http://127.0.0.1:9099/emulator/action?mode=verifyEmail&lang=en&oobCode=n_AVt2qvjLs74W_XbKTMWD7bS2rNgJWhsryM0tweBsxrB7jvc5B2Ze&apiKey=fake-api-key"}}
[info] i  To verify the email address admin@admin.com, follow this link: http://127.0.0.1:9099/emulator/action?mode=verifyEmail&lang=en&oobCode=K8_RMnydkJori_4-xZeSoxf9NsDoYMayytKnk5Nm3cPoAX4TQ-CYhD&apiKey=fake-api-key {"metadata":{"emulator":{"name":"auth"},"message":"To verify the email address admin@admin.com, follow this link: http://127.0.0.1:9099/emulator/action?mode=verifyEmail&lang=en&oobCode=K8_RMnydkJori_4-xZeSoxf9NsDoYMayytKnk5Nm3cPoAX4TQ-CYhD&apiKey=fake-api-key"}}
[debug] [2024-01-22T15:17:51.568Z] Jan 22, 2024 4:17:51 PM io.gapi.emulators.netty.HttpVersionRoutingHandler channelRead
INFO: Detected non-HTTP/2 connection.
 {"metadata":{"emulator":{"name":"firestore"},"message":"Jan 22, 2024 4:17:51 PM io.gapi.emulators.netty.HttpVersionRoutingHandler channelRead\nINFO: Detected non-HTTP/2 connection.\n"}}
[debug] [2024-01-22T15:17:51.596Z] Jan 22, 2024 4:17:51 PM io.gapi.emulators.netty.HttpVersionRoutingHandler channelRead
INFO: Detected non-HTTP/2 connection.
 {"metadata":{"emulator":{"name":"firestore"},"message":"Jan 22, 2024 4:17:51 PM io.gapi.emulators.netty.HttpVersionRoutingHandler channelRead\nINFO: Detected non-HTTP/2 connection.\n"}}
[debug] [2024-01-22T15:17:51.607Z] Jan 22, 2024 4:17:51 PM io.gapi.emulators.netty.HttpVersionRoutingHandler channelRead
INFO: Detected non-HTTP/2 connection.
 {"metadata":{"emulator":{"name":"firestore"},"message":"Jan 22, 2024 4:17:51 PM io.gapi.emulators.netty.HttpVersionRoutingHandler channelRead\nINFO: Detected non-HTTP/2 connection.\n"}}
